<?xml version="1.0" encoding="UTF-8"?>
<!-- Generated by org.testng.reporters.JUnitReportReporter -->
<testsuite hostname="DESKTOP-0UJD6O5" failures="0" tests="3" name="Testng.ScriptTest" time="0.051" errors="0" timestamp="2024-12-13T12:08:04 IST" skipped="0">
  <testcase classname="Testng.ScriptTest" name="createproduct" time="0.032"/>
  <system-out/>
  <testcase classname="Testng.ScriptTest" name="productmodift" time="0.006"/>
  <system-out/>
  <testcase classname="Testng.ScriptTest" name="productdelete" time="0.013"/>
  <system-out/>
</testsuite> <!-- Testng.ScriptTest -->
