<?xml version="1.0" encoding="UTF-8"?>
<!-- Generated by org.testng.reporters.JUnitReportReporter -->
<testsuite hostname="DESKTOP-0UJD6O5" failures="0" tests="1" name="product.ProductBaseCLassTest" time="22.590" errors="0" timestamp="2024-12-13T12:05:24 IST" skipped="0">
  <testcase classname="product.ProductBaseCLassTest" name="Product_BaseCLass_Test" time="22.590"/>
  <system-out/>
</testsuite> <!-- product.ProductBaseCLassTest -->
