<?xml version="1.0" encoding="UTF-8"?>
<!-- Generated by org.testng.reporters.JUnitReportReporter -->
<testsuite hostname="DESKTOP-0UJD6O5" failures="0" tests="1" name="camp_With_product.CampWithProduct_Test" time="65.047" errors="0" timestamp="2024-12-13T11:33:28 IST" skipped="0">
  <testcase classname="camp_With_product.CampWithProduct_Test" name="CampWithProductTest" time="65.047"/>
  <system-out/>
</testsuite> <!-- camp_With_product.CampWithProduct_Test -->
