<?xml version="1.0" encoding="UTF-8"?>
<!-- Generated by org.testng.reporters.JUnitReportReporter -->
<testsuite hostname="DESKTOP-0UJD6O5" failures="0" tests="1" name="organisation.Craete_Org_DataProvier" time="0.000" errors="0" timestamp="2024-12-13T11:36:10 IST" skipped="1">
  <testcase classname="organisation.Craete_Org_DataProvier" name="craete_Org_DataProvier" time="0.000">
    <skipped/>
  </testcase> <!-- craete_Org_DataProvier -->
  <system-out/>
</testsuite> <!-- organisation.Craete_Org_DataProvier -->
