<?xml version="1.0" encoding="UTF-8"?>
<!-- Generated by org.testng.reporters.JUnitReportReporter -->
<testsuite hostname="DESKTOP-0UJD6O5" failures="0" tests="1" name="organisation.Organization_UtilityTest" time="54.162" errors="0" timestamp="2024-12-13T11:39:49 IST" skipped="0">
  <testcase classname="organisation.Organization_UtilityTest" name="OrganizationUtilityTest" time="54.162"/>
  <system-out/>
</testsuite> <!-- organisation.Organization_UtilityTest -->
