<?xml version="1.0" encoding="UTF-8"?>
<!-- Generated by org.testng.reporters.JUnitReportReporter -->
<testsuite hostname="DESKTOP-0UJD6O5" failures="0" tests="1" name="organisation.Org_BaseClass_Test" time="43.677" errors="0" timestamp="2024-12-13T11:38:34 IST" skipped="0">
  <testcase classname="organisation.Org_BaseClass_Test" name="OrgBaseClass_Test" time="43.677"/>
  <system-out/>
</testsuite> <!-- organisation.Org_BaseClass_Test -->
