<?xml version="1.0" encoding="UTF-8"?>
<!-- Generated by org.testng.reporters.JUnitReportReporter -->
<testsuite hostname="DESKTOP-0UJD6O5" failures="0" tests="1" name="product.Product_Utility_Test" time="29.470" errors="0" timestamp="2024-12-13T12:06:11 IST" skipped="0">
  <testcase classname="product.Product_Utility_Test" name="ProductUtilityTest" time="29.470"/>
  <system-out/>
</testsuite> <!-- product.Product_Utility_Test -->
