<?xml version="1.0" encoding="UTF-8"?>
<!-- Generated by org.testng.reporters.JUnitReportReporter -->
<testsuite hostname="DESKTOP-0UJD6O5" failures="0" tests="3" name="Testng.Data_Providers" time="0.030" errors="0" timestamp="2024-12-13T12:07:07 IST" skipped="0">
  <testcase classname="Testng.Data_Providers" name="usedata" time="0.004"/>
  <system-out/>
  <testcase classname="Testng.Data_Providers" name="usedata" time="0.021"/>
  <system-out/>
  <testcase classname="Testng.Data_Providers" name="usedata" time="0.005"/>
  <system-out/>
</testsuite> <!-- Testng.Data_Providers -->
