<?xml version="1.0" encoding="UTF-8"?>
<!-- Generated by org.testng.reporters.JUnitReportReporter -->
<testsuite hostname="DESKTOP-0UJD6O5" failures="0" tests="1" name="Testng.suitTest" time="0.024" errors="0" timestamp="2024-12-13T12:08:14 IST" skipped="0">
  <testcase classname="Testng.suitTest" name="m1" time="0.024"/>
  <system-out/>
</testsuite> <!-- Testng.suitTest -->
