<?xml version="1.0" encoding="UTF-8"?>
<!-- Generated by org.testng.reporters.JUnitReportReporter -->
<testsuite hostname="DESKTOP-0UJD6O5" failures="0" tests="4" name="Testng.RegionalregressionTest" time="0.040" errors="0" timestamp="2024-12-13T12:07:54 IST" skipped="0">
  <testcase classname="Testng.RegionalregressionTest" name="m4" time="0.006"/>
  <system-out/>
  <testcase classname="Testng.RegionalregressionTest" name="m1" time="0.024"/>
  <system-out/>
  <testcase classname="Testng.RegionalregressionTest" name="m2" time="0.004"/>
  <system-out/>
  <testcase classname="Testng.RegionalregressionTest" name="m3" time="0.006"/>
  <system-out/>
</testsuite> <!-- Testng.RegionalregressionTest -->
