<?xml version="1.0" encoding="UTF-8"?>
<!-- Generated by org.testng.reporters.JUnitReportReporter -->
<testsuite hostname="DESKTOP-0UJD6O5" failures="0" tests="1" name="camp_With_product.CampWithProduct_BaseClass_Test" time="40.921" errors="0" timestamp="2024-12-11T01:24:44 IST" skipped="0">
  <testcase classname="camp_With_product.CampWithProduct_BaseClass_Test" name="CampWithProductBaseClass_Test" time="40.921"/>
  <system-out/>
</testsuite> <!-- camp_With_product.CampWithProduct_BaseClass_Test -->
