<?xml version="1.0" encoding="UTF-8"?>
<!-- Generated by org.testng.reporters.JUnitReportReporter -->
<testsuite hostname="DESKTOP-0UJD6O5" failures="0" tests="1" name="campaign.Create_Campaign" time="53.729" errors="0" timestamp="2024-12-14T11:45:35 IST" skipped="0">
  <testcase classname="campaign.Create_Campaign" name="Createcampaign_Test" time="53.729"/>
  <system-out/>
</testsuite> <!-- campaign.Create_Campaign -->
