<?xml version="1.0" encoding="UTF-8"?>
<!-- Generated by org.testng.reporters.JUnitReportReporter -->
<testsuite hostname="DESKTOP-0UJD6O5" failures="0" tests="1" name="campaign.Campaign_utilityBaseClassTest" time="37.343" errors="0" timestamp="2024-12-13T11:34:38 IST" skipped="0">
  <testcase classname="campaign.Campaign_utilityBaseClassTest" name="CampaignutilityBaseClassTest" time="37.343"/>
  <system-out/>
</testsuite> <!-- campaign.Campaign_utilityBaseClassTest -->
