<?xml version="1.0" encoding="UTF-8"?>
<!-- Generated by org.testng.reporters.JUnitReportReporter -->
<testsuite hostname="DESKTOP-0UJD6O5" failures="0" tests="1" name="Testng.ThirdTest" time="0.025" errors="0" timestamp="2024-12-13T12:08:25 IST" skipped="0">
  <testcase classname="Testng.ThirdTest" name="m1" time="0.025"/>
  <system-out/>
</testsuite> <!-- Testng.ThirdTest -->
